Using pre-set license
Built from '2021.3/staging' branch; Version is '2021.3.6f1 (7da38d85baf6) revision 8233869'; Using compiler version '192829333'; Build Type 'Release'
OS: 'Windows 11  (10.0.22000) 64bit Core' Language: 'fr' Physical Memory: 15724 MB
BatchMode: 1, IsHumanControllingUs: 0, StartBugReporterOnCrash: 0, Is64bit: 1, IsPro: 1

COMMAND LINE ARGUMENTS:
C:\Program Files\Unity 2021.3.6f1\Editor\Unity.exe
-adb2
-batchMode
-noUpm
-name
AssetImportWorker1
-projectPath
C:/Users/yangt/Beat them up B4 U GOGO
-logFile
Logs/AssetImportWorker1.log
-srvPort
58169
Successfully changed project path to: C:/Users/yangt/Beat them up B4 U GOGO
C:/Users/yangt/Beat them up B4 U GOGO
[UnityMemory] Configuration Parameters - Can be set up in boot.config
    "memorysetup-bucket-allocator-granularity=16"
    "memorysetup-bucket-allocator-bucket-count=8"
    "memorysetup-bucket-allocator-block-size=33554432"
    "memorysetup-bucket-allocator-block-count=8"
    "memorysetup-main-allocator-block-size=16777216"
    "memorysetup-thread-allocator-block-size=16777216"
    "memorysetup-gfx-main-allocator-block-size=16777216"
    "memorysetup-gfx-thread-allocator-block-size=16777216"
    "memorysetup-cache-allocator-block-size=4194304"
    "memorysetup-typetree-allocator-block-size=2097152"
    "memorysetup-profiler-bucket-allocator-granularity=16"
    "memorysetup-profiler-bucket-allocator-bucket-count=8"
    "memorysetup-profiler-bucket-allocator-block-size=33554432"
    "memorysetup-profiler-bucket-allocator-block-count=8"
    "memorysetup-profiler-allocator-block-size=16777216"
    "memorysetup-profiler-editor-allocator-block-size=1048576"
    "memorysetup-temp-allocator-size-main=16777216"
    "memorysetup-job-temp-allocator-block-size=2097152"
    "memorysetup-job-temp-allocator-block-size-background=1048576"
    "memorysetup-job-temp-allocator-reduction-small-platforms=262144"
    "memorysetup-temp-allocator-size-background-worker=32768"
    "memorysetup-temp-allocator-size-job-worker=262144"
    "memorysetup-temp-allocator-size-preload-manager=33554432"
    "memorysetup-temp-allocator-size-nav-mesh-worker=65536"
    "memorysetup-temp-allocator-size-audio-worker=65536"
    "memorysetup-temp-allocator-size-cloud-worker=32768"
    "memorysetup-temp-allocator-size-gi-baking-worker=262144"
    "memorysetup-temp-allocator-size-gfx=262144"
Refreshing native plugins compatible for Editor in 81.42 ms, found 4 plugins.
Preloading 0 native plugins for Editor in 0.00 ms.
Initialize engine version: 2021.3.6f1 (7da38d85baf6)
[Subsystems] Discovering subsystems at path C:/Program Files/Unity 2021.3.6f1/Editor/Data/Resources/UnitySubsystems
[Subsystems] Discovering subsystems at path C:/Users/yangt/Beat them up B4 U GOGO/Assets
GfxDevice: creating device client; threaded=0; jobified=0
Direct3D:
    Version:  Direct3D 11.0 [level 11.1]
    Renderer: AMD Radeon(TM) Graphics (ID=0x1638)
    Vendor:   ATI
    VRAM:     7862 MB
    Driver:   30.0.14060.3003
Initialize mono
Mono path[0] = 'C:/Program Files/Unity 2021.3.6f1/Editor/Data/Managed'
Mono path[1] = 'C:/Program Files/Unity 2021.3.6f1/Editor/Data/MonoBleedingEdge/lib/mono/unityjit-win32'
Mono config path = 'C:/Program Files/Unity 2021.3.6f1/Editor/Data/MonoBleedingEdge/etc'
Using monoOptions --debugger-agent=transport=dt_socket,embedding=1,server=y,suspend=n,address=127.0.0.1:56392
Begin MonoManager ReloadAssembly
Registering precompiled unity dll's ...
Register platform support module: C:/Program Files/Unity 2021.3.6f1/Editor/Data/PlaybackEngines/WindowsStandaloneSupport/UnityEditor.WindowsStandalone.Extensions.dll
Registered in 0.002355 seconds.
Native extension for WindowsStandalone target not found
Refreshing native plugins compatible for Editor in 77.70 ms, found 4 plugins.
Preloading 0 native plugins for Editor in 0.00 ms.
Mono: successfully reloaded assembly
- Completed reload, in  0.512 seconds
Domain Reload Profiling:
	ReloadAssembly (513ms)
		BeginReloadAssembly (53ms)
			ExecutionOrderSort (0ms)
			DisableScriptedObjects (0ms)
			BackupInstance (0ms)
			ReleaseScriptingObjects (0ms)
			CreateAndSetChildDomain (1ms)
		EndReloadAssembly (376ms)
			LoadAssemblies (52ms)
			RebuildTransferFunctionScriptingTraits (0ms)
			SetupTypeCache (75ms)
			ReleaseScriptCaches (0ms)
			RebuildScriptCaches (21ms)
			SetupLoadedEditorAssemblies (239ms)
				LogAssemblyErrors (0ms)
				InitializePlatformSupportModulesInManaged (6ms)
				SetLoadedEditorAssemblies (0ms)
				RefreshPlugins (78ms)
				BeforeProcessingInitializeOnLoad (1ms)
				ProcessInitializeOnLoadAttributes (116ms)
				ProcessInitializeOnLoadMethodAttributes (38ms)
				AfterProcessingInitializeOnLoad (0ms)
				EditorAssembliesLoaded (0ms)
			ExecutionOrderSort2 (0ms)
			AwakeInstancesAfterBackupRestoration (0ms)
Platform modules already initialized, skipping
Registering precompiled user dll's ...
Registered in 0.005270 seconds.
Begin MonoManager ReloadAssembly
Symbol file LoadedFromMemory doesn't match image C:\Users\yangt\Beat them up B4 U GOGO\Library\PackageCache\com.unity.visualscripting@1.7.8\Editor\VisualScripting.Core\Dependencies\YamlDotNet\Unity.VisualScripting.YamlDotNet.dll
Symbol file LoadedFromMemory doesn't match image C:\Users\yangt\Beat them up B4 U GOGO\Library\PackageCache\com.unity.visualscripting@1.7.8\Editor\VisualScripting.Core\Dependencies\DotNetZip\Unity.VisualScripting.IonicZip.dll
Native extension for WindowsStandalone target not found
Refreshing native plugins compatible for Editor in 86.18 ms, found 4 plugins.
Preloading 0 native plugins for Editor in 0.00 ms.
Mono: successfully reloaded assembly
- Completed reload, in  0.941 seconds
Domain Reload Profiling:
	ReloadAssembly (942ms)
		BeginReloadAssembly (89ms)
			ExecutionOrderSort (0ms)
			DisableScriptedObjects (5ms)
			BackupInstance (0ms)
			ReleaseScriptingObjects (0ms)
			CreateAndSetChildDomain (18ms)
		EndReloadAssembly (758ms)
			LoadAssemblies (64ms)
			RebuildTransferFunctionScriptingTraits (0ms)
			SetupTypeCache (188ms)
			ReleaseScriptCaches (1ms)
			RebuildScriptCaches (47ms)
			SetupLoadedEditorAssemblies (417ms)
				LogAssemblyErrors (0ms)
				InitializePlatformSupportModulesInManaged (3ms)
				SetLoadedEditorAssemblies (0ms)
				RefreshPlugins (86ms)
				BeforeProcessingInitializeOnLoad (83ms)
				ProcessInitializeOnLoadAttributes (204ms)
				ProcessInitializeOnLoadMethodAttributes (36ms)
				AfterProcessingInitializeOnLoad (4ms)
				EditorAssembliesLoaded (0ms)
			ExecutionOrderSort2 (0ms)
			AwakeInstancesAfterBackupRestoration (4ms)
Platform modules already initialized, skipping
========================================================================
Worker process is ready to serve import requests
Launched and connected shader compiler UnityShaderCompiler.exe after 0.03 seconds
Refreshing native plugins compatible for Editor in 1.03 ms, found 4 plugins.
Preloading 0 native plugins for Editor in 0.00 ms.
Unloading 4057 Unused Serialized files (Serialized files now loaded: 0)
Unloading 44 unused Assets / (222.4 KB). Loaded Objects now: 4507.
Memory consumption went from 151.0 MB to 150.8 MB.
Total: 5.585000 ms (FindLiveObjects: 0.935100 ms CreateObjectMapping: 0.215100 ms MarkObjects: 4.207500 ms  DeleteObjects: 0.225800 ms)

AssetImportParameters requested are different than current active one (requested -> active):
  custom:video-decoder-ogg-theora: a1e56fd34408186e4bbccfd4996cb3dc -> 
  custom:container-muxer-webm: aa71ff27fc2769a1b78a27578f13a17b -> 
  custom:container-demuxer-webm: 4f35f7cbe854078d1ac9338744f61a02 -> 
  custom:video-encoder-webm-vp8: eb34c28f22e8b96e1ab97ce403110664 -> 
  custom:video-codec-MediaFoundation-h265: 746d11721c4dcdbdad8f713fa42b33f4 -> 
  custom:audio-encoder-webm-vorbis: bf7c407c2cedff20999df2af8eb42d56 -> 
  custom:framework-win-MediaFoundation: 216162199b28c13a410421893ffa2e32 -> 
  custom:container-demuxer-ogg: 62fdf1f143b41e24485cea50d1cbac27 -> 
  custom:video-decoder-webm-vp8: 9c59270c3fd7afecdb556c50c9e8de78 -> 
  custom:audio-decoder-ogg-vorbis: bf7c407c2cedff20999df2af8eb42d56 -> 
========================================================================
Received Import Request.
  Time since last request: 1552199.459278 seconds.
  path: Assets/Art/Graphics/Sprites/46_Assets_LEVEL_2_WALLMASK.png
  artifactKey: Guid(6856514382df24e57b01643f2a00f0d2) Importer(815301076,1909f56bfc062723c751e8b465ee728b)
Start importing Assets/Art/Graphics/Sprites/46_Assets_LEVEL_2_WALLMASK.png using Guid(6856514382df24e57b01643f2a00f0d2) Importer(815301076,1909f56bfc062723c751e8b465ee728b)  -> (artifact id: '94c901a88d9215791397648923bbd781') in 0.120217 seconds 
========================================================================
Received Import Request.
  Time since last request: 0.000025 seconds.
  path: Assets/Art/Graphics/Sprites/45_Assets_HOLDXC.png
  artifactKey: Guid(e43a553d30f3a49d1a83e8eb740eca43) Importer(815301076,1909f56bfc062723c751e8b465ee728b)
Start importing Assets/Art/Graphics/Sprites/45_Assets_HOLDXC.png using Guid(e43a553d30f3a49d1a83e8eb740eca43) Importer(815301076,1909f56bfc062723c751e8b465ee728b)  -> (artifact id: 'b1c461eb8b8cb329bfd3cf246bb5a21b') in 0.020640 seconds 
========================================================================
Received Import Request.
  Time since last request: 0.000023 seconds.
  path: Assets/Art/Graphics/Sprites/87_Assets_TITLE_BG.png
  artifactKey: Guid(bed2c97e5b9534788808095a70bd54e0) Importer(815301076,1909f56bfc062723c751e8b465ee728b)
Start importing Assets/Art/Graphics/Sprites/87_Assets_TITLE_BG.png using Guid(bed2c97e5b9534788808095a70bd54e0) Importer(815301076,1909f56bfc062723c751e8b465ee728b)  -> (artifact id: '5e03be64075afe372dd64d33422f693d') in 0.027070 seconds 
========================================================================
Received Import Request.
  Time since last request: 0.000080 seconds.
  path: Assets/Art/Graphics/Sprites/104_Assets_EXPLOSION_SMALL.png
  artifactKey: Guid(248e6f51972ed451b87a06f6e2f4f112) Importer(815301076,1909f56bfc062723c751e8b465ee728b)
Start importing Assets/Art/Graphics/Sprites/104_Assets_EXPLOSION_SMALL.png using Guid(248e6f51972ed451b87a06f6e2f4f112) Importer(815301076,1909f56bfc062723c751e8b465ee728b)  -> (artifact id: '7eb575b9bae7a8eded60779589eb93cb') in 0.015604 seconds 
========================================================================
Received Import Request.
  Time since last request: 0.000025 seconds.
  path: Assets/Art/Graphics/Sprites/97_Assets_ENEMY_3.png
  artifactKey: Guid(c7b6e774759554481b3aa83448a841a9) Importer(815301076,1909f56bfc062723c751e8b465ee728b)
Start importing Assets/Art/Graphics/Sprites/97_Assets_ENEMY_3.png using Guid(c7b6e774759554481b3aa83448a841a9) Importer(815301076,1909f56bfc062723c751e8b465ee728b)  -> (artifact id: '60ead76873a1c809831a025009844f3c') in 0.028540 seconds 
========================================================================
Received Import Request.
  Time since last request: 0.000026 seconds.
  path: Assets/Art/Graphics/Sprites/102_Assets_SHADOW.png
  artifactKey: Guid(321d2ba1dd2fd4284a0c1e2d8b870941) Importer(815301076,1909f56bfc062723c751e8b465ee728b)
Start importing Assets/Art/Graphics/Sprites/102_Assets_SHADOW.png using Guid(321d2ba1dd2fd4284a0c1e2d8b870941) Importer(815301076,1909f56bfc062723c751e8b465ee728b)  -> (artifact id: '2e99cd20d1af1c17a828478826e5292e') in 0.018054 seconds 
========================================================================
Received Import Request.
  Time since last request: 0.000030 seconds.
  path: Assets/Art/Graphics/Sprites/5_Preloader_LOADING_OVERLAY.png
  artifactKey: Guid(f5b9bbe054c704a03a7ee680e2051bfa) Importer(815301076,1909f56bfc062723c751e8b465ee728b)
Start importing Assets/Art/Graphics/Sprites/5_Preloader_LOADING_OVERLAY.png using Guid(f5b9bbe054c704a03a7ee680e2051bfa) Importer(815301076,1909f56bfc062723c751e8b465ee728b)  -> (artifact id: '60b897c4b41021d76d6186006412fcdf') in 0.020945 seconds 
========================================================================
Received Import Request.
  Time since last request: 0.000028 seconds.
  path: Assets/Art/Graphics/Sprites/52_Assets_CHUCK_DEFEATED.png
  artifactKey: Guid(9cda368fff11641608e5be186a032068) Importer(815301076,1909f56bfc062723c751e8b465ee728b)
Start importing Assets/Art/Graphics/Sprites/52_Assets_CHUCK_DEFEATED.png using Guid(9cda368fff11641608e5be186a032068) Importer(815301076,1909f56bfc062723c751e8b465ee728b)  -> (artifact id: '12d77ea409a3c210e561a6252d27c52c') in 0.024079 seconds 
========================================================================
Received Import Request.
  Time since last request: 0.000023 seconds.
  path: Assets/Art/Graphics/Sprites/4_Preloader_LOADING_BAR.png
  artifactKey: Guid(3459a5f9dbe294145b728bcd419fb7b7) Importer(815301076,1909f56bfc062723c751e8b465ee728b)
Start importing Assets/Art/Graphics/Sprites/4_Preloader_LOADING_BAR.png using Guid(3459a5f9dbe294145b728bcd419fb7b7) Importer(815301076,1909f56bfc062723c751e8b465ee728b)  -> (artifact id: '24a7a06b1d6312da8244bd890eef4dfa') in 0.020642 seconds 
========================================================================
Received Import Request.
  Time since last request: 0.000067 seconds.
  path: Assets/Art/Graphics/Sprites/89_net.flashpunk.debug.Console_CONSOLE_DEBUG.png
  artifactKey: Guid(33674e723afda4c1b83f78df6b8681d2) Importer(815301076,1909f56bfc062723c751e8b465ee728b)
Start importing Assets/Art/Graphics/Sprites/89_net.flashpunk.debug.Console_CONSOLE_DEBUG.png using Guid(33674e723afda4c1b83f78df6b8681d2) Importer(815301076,1909f56bfc062723c751e8b465ee728b)  -> (artifact id: '61a43599bac3b9a15442f0098d6274bc') in 0.015639 seconds 
========================================================================
Received Import Request.
  Time since last request: 0.000024 seconds.
  path: Assets/Art/Graphics/Sprites/57_Assets_KS_LOGO.png
  artifactKey: Guid(5e10bfac953af45d18a59057e88058d2) Importer(815301076,1909f56bfc062723c751e8b465ee728b)
Start importing Assets/Art/Graphics/Sprites/57_Assets_KS_LOGO.png using Guid(5e10bfac953af45d18a59057e88058d2) Importer(815301076,1909f56bfc062723c751e8b465ee728b)  -> (artifact id: '3630107e8e5e2e7511cd2f6abb507cc6') in 0.020253 seconds 
========================================================================
Received Import Request.
  Time since last request: 0.000031 seconds.
  path: Assets/Art/Graphics/Sprites/69_Assets_MANAGER_DOOR.png
  artifactKey: Guid(19c15c18982ba407da8dfbdb652d61f5) Importer(815301076,1909f56bfc062723c751e8b465ee728b)
Start importing Assets/Art/Graphics/Sprites/69_Assets_MANAGER_DOOR.png using Guid(19c15c18982ba407da8dfbdb652d61f5) Importer(815301076,1909f56bfc062723c751e8b465ee728b)  -> (artifact id: '2d0a55c99c818b32feecd7c003bbcbca') in 0.025011 seconds 
========================================================================
Received Import Request.
  Time since last request: 0.000078 seconds.
  path: Assets/Art/Graphics/Sprites/61_net.flashpunk.debug.Console_CONSOLE_LOGO.png
  artifactKey: Guid(14eac37e521c44f9da80ee8a623c7246) Importer(815301076,1909f56bfc062723c751e8b465ee728b)
Start importing Assets/Art/Graphics/Sprites/61_net.flashpunk.debug.Console_CONSOLE_LOGO.png using Guid(14eac37e521c44f9da80ee8a623c7246) Importer(815301076,1909f56bfc062723c751e8b465ee728b)  -> (artifact id: '463b17f2504dea61b6b984356bf56d63') in 0.023475 seconds 
========================================================================
Received Import Request.
  Time since last request: 0.000027 seconds.
  path: Assets/Art/Graphics/Sprites/54_Assets_SMOKE.png
  artifactKey: Guid(8986fe70c90cb45889b488d4499a5ac0) Importer(815301076,1909f56bfc062723c751e8b465ee728b)
Start importing Assets/Art/Graphics/Sprites/54_Assets_SMOKE.png using Guid(8986fe70c90cb45889b488d4499a5ac0) Importer(815301076,1909f56bfc062723c751e8b465ee728b)  -> (artifact id: '47da5c4d40d70d53056a0e90992bd7b4') in 0.021003 seconds 
========================================================================
Received Import Request.
  Time since last request: 0.000029 seconds.
  path: Assets/Art/Graphics/Sprites/107_Assets_RECORD.png
  artifactKey: Guid(6187d6c70c95b499c9cacc9e55fcb840) Importer(815301076,1909f56bfc062723c751e8b465ee728b)
Start importing Assets/Art/Graphics/Sprites/107_Assets_RECORD.png using Guid(6187d6c70c95b499c9cacc9e55fcb840) Importer(815301076,1909f56bfc062723c751e8b465ee728b)  -> (artifact id: 'aadcc6dc60adcff8366441bea9bfae23') in 0.016932 seconds 
========================================================================
Received Import Request.
  Time since last request: 0.000027 seconds.
  path: Assets/Art/Graphics/Sprites/71_Assets_SCORING.png
  artifactKey: Guid(bb1ed6e23ecd246fa9d6796297e664b7) Importer(815301076,1909f56bfc062723c751e8b465ee728b)
Start importing Assets/Art/Graphics/Sprites/71_Assets_SCORING.png using Guid(bb1ed6e23ecd246fa9d6796297e664b7) Importer(815301076,1909f56bfc062723c751e8b465ee728b)  -> (artifact id: 'cce5239e483e7b1247839d1d3e5d18f5') in 0.022050 seconds 
========================================================================
Received Import Request.
  Time since last request: 0.000039 seconds.
  path: Assets/Art/Graphics/Sprites/86_Assets_STREET_LIGHT.png
  artifactKey: Guid(adc782208a44b48fda42ebf796c4f09f) Importer(815301076,1909f56bfc062723c751e8b465ee728b)
Start importing Assets/Art/Graphics/Sprites/86_Assets_STREET_LIGHT.png using Guid(adc782208a44b48fda42ebf796c4f09f) Importer(815301076,1909f56bfc062723c751e8b465ee728b)  -> (artifact id: 'aa15f846e14f044b2ca0e6c985894322') in 0.030114 seconds 
========================================================================
Received Import Request.
  Time since last request: 0.000040 seconds.
  path: Assets/Art/Graphics/Sprites/103_Assets_HIT.png
  artifactKey: Guid(161e05387b9fc492fa6eed90e9230fda) Importer(815301076,1909f56bfc062723c751e8b465ee728b)
Start importing Assets/Art/Graphics/Sprites/103_Assets_HIT.png using Guid(161e05387b9fc492fa6eed90e9230fda) Importer(815301076,1909f56bfc062723c751e8b465ee728b)  -> (artifact id: 'b626da567b018e7b10f27aed2f31e92c') in 0.017457 seconds 
========================================================================
Received Import Request.
  Time since last request: 0.000034 seconds.
  path: Assets/Art/Graphics/Sprites/49_Assets_DEMO_TITLE.png
  artifactKey: Guid(3e654c96fb9af44dc816d408f86964d9) Importer(815301076,1909f56bfc062723c751e8b465ee728b)
Start importing Assets/Art/Graphics/Sprites/49_Assets_DEMO_TITLE.png using Guid(3e654c96fb9af44dc816d408f86964d9) Importer(815301076,1909f56bfc062723c751e8b465ee728b)  -> (artifact id: '3f6987142d1d776eb09a1f98f1a0ba50') in 0.022683 seconds 
========================================================================
Received Import Request.
  Time since last request: 0.000025 seconds.
  path: Assets/Art/Graphics/Sprites/98_Assets_KS_GLITCHES.png
  artifactKey: Guid(2e81c974f5e6a4dda9d60025dda9783e) Importer(815301076,1909f56bfc062723c751e8b465ee728b)
Start importing Assets/Art/Graphics/Sprites/98_Assets_KS_GLITCHES.png using Guid(2e81c974f5e6a4dda9d60025dda9783e) Importer(815301076,1909f56bfc062723c751e8b465ee728b)  -> (artifact id: 'cb75e9ca2f574e9bbe999ffe4209d1cc') in 0.023123 seconds 
========================================================================
Received Import Request.
  Time since last request: 0.000026 seconds.
  path: Assets/Art/Graphics/Sprites/81_Assets_BOSS_1.png
  artifactKey: Guid(78aebef6eecc1428780ef15d01bbda76) Importer(815301076,1909f56bfc062723c751e8b465ee728b)
Start importing Assets/Art/Graphics/Sprites/81_Assets_BOSS_1.png using Guid(78aebef6eecc1428780ef15d01bbda76) Importer(815301076,1909f56bfc062723c751e8b465ee728b)  -> (artifact id: '2b6f98106826db11bd67f3d466cf74d9') in 0.031899 seconds 
========================================================================
Received Import Request.
  Time since last request: 0.000034 seconds.
  path: Assets/Art/Graphics/Sprites/72_net.flashpunk.debug.Console_CONSOLE_OUTPUT.png
  artifactKey: Guid(47ea7a7e0b7e04b07a680b48648b8298) Importer(815301076,1909f56bfc062723c751e8b465ee728b)
Start importing Assets/Art/Graphics/Sprites/72_net.flashpunk.debug.Console_CONSOLE_OUTPUT.png using Guid(47ea7a7e0b7e04b07a680b48648b8298) Importer(815301076,1909f56bfc062723c751e8b465ee728b)  -> (artifact id: '8e165a5a930a039a21831251ec6b92b9') in 0.019785 seconds 
========================================================================
Received Import Request.
  Time since last request: 0.000065 seconds.
  path: Assets/Art/Graphics/Sprites/74_Assets_DUST_LAND.png
  artifactKey: Guid(aa0e333f83be34de98b7264428a6d6b9) Importer(815301076,1909f56bfc062723c751e8b465ee728b)
Start importing Assets/Art/Graphics/Sprites/74_Assets_DUST_LAND.png using Guid(aa0e333f83be34de98b7264428a6d6b9) Importer(815301076,1909f56bfc062723c751e8b465ee728b)  -> (artifact id: 'd98cdd458bd9777b9c05235207f40299') in 0.023149 seconds 
========================================================================
Received Import Request.
  Time since last request: 0.000043 seconds.
  path: Assets/Art/Graphics/Sprites/100_Assets_LEVEL_1_BG.png
  artifactKey: Guid(518d36547498b49b6bf185e492200c8b) Importer(815301076,1909f56bfc062723c751e8b465ee728b)
Start importing Assets/Art/Graphics/Sprites/100_Assets_LEVEL_1_BG.png using Guid(518d36547498b49b6bf185e492200c8b) Importer(815301076,1909f56bfc062723c751e8b465ee728b)  -> (artifact id: 'b48fed94f38075b0dc18ebd2f6bac699') in 0.035690 seconds 
========================================================================
Received Import Request.
  Time since last request: 0.000025 seconds.
  path: Assets/Art/Graphics/Sprites/64_Assets_STINKUBUS_2.png
  artifactKey: Guid(97c68a8c4778a4a9a883b6ef10588d89) Importer(815301076,1909f56bfc062723c751e8b465ee728b)
Start importing Assets/Art/Graphics/Sprites/64_Assets_STINKUBUS_2.png using Guid(97c68a8c4778a4a9a883b6ef10588d89) Importer(815301076,1909f56bfc062723c751e8b465ee728b)  -> (artifact id: 'f0112acf6784150d760f5a6136d95bc0') in 0.044354 seconds 
========================================================================
Received Import Request.
  Time since last request: 0.000019 seconds.
  path: Assets/Art/Graphics/Sprites/77_Assets_WIN.png
  artifactKey: Guid(e4bc1724053ee495d91cf8de59f81d6e) Importer(815301076,1909f56bfc062723c751e8b465ee728b)
Start importing Assets/Art/Graphics/Sprites/77_Assets_WIN.png using Guid(e4bc1724053ee495d91cf8de59f81d6e) Importer(815301076,1909f56bfc062723c751e8b465ee728b)  -> (artifact id: '11328fc8fcfbb56ea17b17776ef05a69') in 0.019893 seconds 
========================================================================
Received Import Request.
  Time since last request: 0.000021 seconds.
  path: Assets/Art/Graphics/Sprites/47_Assets_SUBWAY_MASK.png
  artifactKey: Guid(be278e9ee945146639513929570bf704) Importer(815301076,1909f56bfc062723c751e8b465ee728b)
Start importing Assets/Art/Graphics/Sprites/47_Assets_SUBWAY_MASK.png using Guid(be278e9ee945146639513929570bf704) Importer(815301076,1909f56bfc062723c751e8b465ee728b)  -> (artifact id: '32db202e76bf60aadf12ec7d3f47830b') in 0.017539 seconds 
========================================================================
Received Import Request.
  Time since last request: 0.000018 seconds.
  path: Assets/Art/Graphics/Sprites/58_Assets_CHUCKBOT.png
  artifactKey: Guid(c3aef5a8057d1442ea9b8d317e5331de) Importer(815301076,1909f56bfc062723c751e8b465ee728b)
Start importing Assets/Art/Graphics/Sprites/58_Assets_CHUCKBOT.png using Guid(c3aef5a8057d1442ea9b8d317e5331de) Importer(815301076,1909f56bfc062723c751e8b465ee728b)  -> (artifact id: '39aafa5ff43404352586abee76a3a831') in 0.026919 seconds 
========================================================================
Received Import Request.
  Time since last request: 0.000024 seconds.
  path: Assets/Art/Graphics/Sprites/63_Assets_STINKUBUS_1.png
  artifactKey: Guid(54aef3b72cce9457a9ec348523ace821) Importer(815301076,1909f56bfc062723c751e8b465ee728b)
Start importing Assets/Art/Graphics/Sprites/63_Assets_STINKUBUS_1.png using Guid(54aef3b72cce9457a9ec348523ace821) Importer(815301076,1909f56bfc062723c751e8b465ee728b)  -> (artifact id: '04f6c7f53918c701b2580ec253b24ba6') in 0.040694 seconds 
========================================================================
Received Import Request.
  Time since last request: 0.000031 seconds.
  path: Assets/Art/Graphics/Sprites/105_net.flashpunk.debug.Console_CONSOLE_STEP.png
  artifactKey: Guid(143818f07ce66497982cefde28f9d96a) Importer(815301076,1909f56bfc062723c751e8b465ee728b)
Start importing Assets/Art/Graphics/Sprites/105_net.flashpunk.debug.Console_CONSOLE_STEP.png using Guid(143818f07ce66497982cefde28f9d96a) Importer(815301076,1909f56bfc062723c751e8b465ee728b)  -> (artifact id: 'e47ce0bd1710752567c7f469b0a27f44') in 0.017292 seconds 
========================================================================
Received Import Request.
  Time since last request: 0.000063 seconds.
  path: Assets/Art/Graphics/Sprites/76_Assets_GAMEOVER.png
  artifactKey: Guid(919c2a4c7281d4462aeb4ebb1fb07568) Importer(815301076,1909f56bfc062723c751e8b465ee728b)
Start importing Assets/Art/Graphics/Sprites/76_Assets_GAMEOVER.png using Guid(919c2a4c7281d4462aeb4ebb1fb07568) Importer(815301076,1909f56bfc062723c751e8b465ee728b)  -> (artifact id: 'aeb4634362184106c8328653c029d92d') in 0.023470 seconds 
========================================================================
Received Import Request.
  Time since last request: 0.939755 seconds.
  path: Assets/Art/Graphics/Sprites/109_Assets_LEVEL_2_BG_COLOUR.png
  artifactKey: Guid(46177fef113ef4f7cbc47bbea49309ee) Importer(815301076,1909f56bfc062723c751e8b465ee728b)
Start importing Assets/Art/Graphics/Sprites/109_Assets_LEVEL_2_BG_COLOUR.png using Guid(46177fef113ef4f7cbc47bbea49309ee) Importer(815301076,1909f56bfc062723c751e8b465ee728b)  -> (artifact id: 'c3b51330132bb0a2c04f1c83444a5459') in 0.017164 seconds 
========================================================================
Received Import Request.
  Time since last request: 0.000021 seconds.
  path: Assets/Art/Graphics/Sprites/115_Assets_STREET_BARRIER_BROKEN.png
  artifactKey: Guid(0fbe33debe3dc4c2eb90df47b593a52f) Importer(815301076,1909f56bfc062723c751e8b465ee728b)
Start importing Assets/Art/Graphics/Sprites/115_Assets_STREET_BARRIER_BROKEN.png using Guid(0fbe33debe3dc4c2eb90df47b593a52f) Importer(815301076,1909f56bfc062723c751e8b465ee728b)  -> (artifact id: 'f43da67bed6452215d4e6d70350aba6e') in 0.021918 seconds 
========================================================================
Received Import Request.
  Time since last request: 0.000027 seconds.
  path: Assets/Art/Graphics/Sprites/119_Assets_PAUSE.png
  artifactKey: Guid(4b4c60d1f07e8403e8fe4f6b49f77ab6) Importer(815301076,1909f56bfc062723c751e8b465ee728b)
Start importing Assets/Art/Graphics/Sprites/119_Assets_PAUSE.png using Guid(4b4c60d1f07e8403e8fe4f6b49f77ab6) Importer(815301076,1909f56bfc062723c751e8b465ee728b)  -> (artifact id: 'd40a963720910fb9869641cf153f6376') in 0.027110 seconds 
========================================================================
Received Import Request.
  Time since last request: 0.000040 seconds.
  path: Assets/Art/Graphics/Sprites/122_Assets_CHARACTER_4.png
  artifactKey: Guid(cfa859c6038404e8e856360e6e726c51) Importer(815301076,1909f56bfc062723c751e8b465ee728b)
Start importing Assets/Art/Graphics/Sprites/122_Assets_CHARACTER_4.png using Guid(cfa859c6038404e8e856360e6e726c51) Importer(815301076,1909f56bfc062723c751e8b465ee728b)  -> (artifact id: '816a080657eda14d0b22735c083f4125') in 0.047818 seconds 
========================================================================
Received Import Request.
  Time since last request: 0.000022 seconds.
  path: Assets/Art/Graphics/Sprites/127_Assets_P1_SELECTOR.png
  artifactKey: Guid(2bdbfe47e57774400a7e750f8f2cba44) Importer(815301076,1909f56bfc062723c751e8b465ee728b)
Start importing Assets/Art/Graphics/Sprites/127_Assets_P1_SELECTOR.png using Guid(2bdbfe47e57774400a7e750f8f2cba44) Importer(815301076,1909f56bfc062723c751e8b465ee728b)  -> (artifact id: '45c1f65f6c873463420f7c02584ec268') in 0.017025 seconds 
========================================================================
Received Import Request.
  Time since last request: 0.000022 seconds.
  path: Assets/Art/Graphics/Sprites/120_Assets_LEVEL_2_DOOR.png
  artifactKey: Guid(e81201154c7ff4eb287e00c16f1d2951) Importer(815301076,1909f56bfc062723c751e8b465ee728b)
Start importing Assets/Art/Graphics/Sprites/120_Assets_LEVEL_2_DOOR.png using Guid(e81201154c7ff4eb287e00c16f1d2951) Importer(815301076,1909f56bfc062723c751e8b465ee728b)  -> (artifact id: '13c551a5ea91614c855f3bcd48f76918') in 0.023367 seconds 
========================================================================
Received Import Request.
  Time since last request: 0.000023 seconds.
  path: Assets/Art/Graphics/Sprites/111_Assets_P2_SELECTOR.png
  artifactKey: Guid(62c6abbab59164deda7d20b82862e197) Importer(815301076,1909f56bfc062723c751e8b465ee728b)
Start importing Assets/Art/Graphics/Sprites/111_Assets_P2_SELECTOR.png using Guid(62c6abbab59164deda7d20b82862e197) Importer(815301076,1909f56bfc062723c751e8b465ee728b)  -> (artifact id: '1b579ea7e1f48c820086b37f6934d2bd') in 0.024263 seconds 
========================================================================
Received Import Request.
  Time since last request: 0.000030 seconds.
  path: Assets/Art/Graphics/Sprites/124_Assets_CHARACTER_2.png
  artifactKey: Guid(1012e06deaf40470bacaf1f950afd022) Importer(815301076,1909f56bfc062723c751e8b465ee728b)
Start importing Assets/Art/Graphics/Sprites/124_Assets_CHARACTER_2.png using Guid(1012e06deaf40470bacaf1f950afd022) Importer(815301076,1909f56bfc062723c751e8b465ee728b)  -> (artifact id: 'adcc991ed2ba9c51d303dc04a29a3f79') in 0.041052 seconds 
========================================================================
Received Import Request.
  Time since last request: 0.000019 seconds.
  path: Assets/Art/Graphics/Sprites/131_Assets_NEWSPAPER_STAND.png
  artifactKey: Guid(3bb1f8a78ec214404a63eedba51c4a9c) Importer(815301076,1909f56bfc062723c751e8b465ee728b)
Start importing Assets/Art/Graphics/Sprites/131_Assets_NEWSPAPER_STAND.png using Guid(3bb1f8a78ec214404a63eedba51c4a9c) Importer(815301076,1909f56bfc062723c751e8b465ee728b)  -> (artifact id: '24e69338396b8a9ad707e767a79d1d0a') in 0.020648 seconds 
========================================================================
Received Import Request.
  Time since last request: 0.000022 seconds.
  path: Assets/Art/Graphics/Sprites/126_Assets_CHARACTER_3.png
  artifactKey: Guid(2f0f62d6a996a4fd49dc91582d603734) Importer(815301076,1909f56bfc062723c751e8b465ee728b)
Start importing Assets/Art/Graphics/Sprites/126_Assets_CHARACTER_3.png using Guid(2f0f62d6a996a4fd49dc91582d603734) Importer(815301076,1909f56bfc062723c751e8b465ee728b)  -> (artifact id: '75b51d9f90cb91055abae69f8769d808') in 0.039378 seconds 
========================================================================
Received Import Request.
  Time since last request: 0.000036 seconds.
  path: Assets/Art/Graphics/Sprites/116_Assets_HEALTHCAN_GREEN.png
  artifactKey: Guid(923d464c213ad4247ab5911dbb4b4132) Importer(815301076,1909f56bfc062723c751e8b465ee728b)
Start importing Assets/Art/Graphics/Sprites/116_Assets_HEALTHCAN_GREEN.png using Guid(923d464c213ad4247ab5911dbb4b4132) Importer(815301076,1909f56bfc062723c751e8b465ee728b)  -> (artifact id: '59f31a5dffecea77f269d5f678816485') in 0.020294 seconds 
========================================================================
Received Import Request.
  Time since last request: 56.534762 seconds.
  path: Assets/Art/Graphics/Sprites/134_Assets_LEVEL_2_PARALAX_2.png
  artifactKey: Guid(da1c500a557d4468a8eecc6dd2e4ddf2) Importer(815301076,1909f56bfc062723c751e8b465ee728b)
Start importing Assets/Art/Graphics/Sprites/134_Assets_LEVEL_2_PARALAX_2.png using Guid(da1c500a557d4468a8eecc6dd2e4ddf2) Importer(815301076,1909f56bfc062723c751e8b465ee728b)  -> (artifact id: 'fe7d80043145a027781f6e449d942368') in 0.019391 seconds 
========================================================================
Received Import Request.
  Time since last request: 0.000023 seconds.
  path: Assets/Art/Graphics/Sprites/138_Assets_DUST_DASH.png
  artifactKey: Guid(e56d9cbb3932046cba41d2298c2a5c00) Importer(815301076,1909f56bfc062723c751e8b465ee728b)
Start importing Assets/Art/Graphics/Sprites/138_Assets_DUST_DASH.png using Guid(e56d9cbb3932046cba41d2298c2a5c00) Importer(815301076,1909f56bfc062723c751e8b465ee728b)  -> (artifact id: '291d53d104a8d63bb51a2517a8176441') in 0.023981 seconds 
========================================================================
Received Import Request.
  Time since last request: 0.000033 seconds.
  path: Assets/Art/Graphics/Sprites/139_Assets_CHUCKBOT_FIST.png
  artifactKey: Guid(db0f43c14cc194051917a3d0f0ffd103) Importer(815301076,1909f56bfc062723c751e8b465ee728b)
Start importing Assets/Art/Graphics/Sprites/139_Assets_CHUCKBOT_FIST.png using Guid(db0f43c14cc194051917a3d0f0ffd103) Importer(815301076,1909f56bfc062723c751e8b465ee728b)  -> (artifact id: 'ce5b85f96dceff8b5bec18836e0aaa4c') in 0.019639 seconds 
Editor requested this worker to shutdown with reason: Scaling down because of idle timeout
AssetImportWorker is now disconnected from the server
Process exiting
Exiting without the bug reporter. Application will terminate with return code 0